[2021-03-19 09:30:52][2021-03][info]:[短信发送失败了，返回结果:]
[2021-03-19 09:31:05][2021-03-19][info]:[短信发送失败了，返回结果:]
[2021-03-19 10:22:25][debug][error]:[Call to a member function toArray() on null at file:/easyswoole/App/HttpController/Question.php line:21]
[2021-03-19 10:22:53][debug][error]:[Call to a member function toArray() on null at file:/easyswoole/App/HttpController/Question.php line:21]
[2021-03-19 10:23:29][debug][error]:[Call to a member function toArray() on null at file:/easyswoole/App/HttpController/Question.php line:21]
[2021-03-19 10:24:48][debug][error]:[Call to a member function toArray() on null at file:/easyswoole/App/HttpController/Question.php line:21]
[2021-03-19 10:25:16][debug][error]:[Call to a member function toRawArray() on null at file:/easyswoole/App/HttpController/Question.php line:21]
[2021-03-19 10:42:37][debug][error]:[syntax error, unexpected ')' at file:/easyswoole/App/HttpController/Question.php line:56]
[2021-03-19 10:43:25][debug][error]:[syntax error, unexpected ')' at file:/easyswoole/App/HttpController/Question.php line:56]
[2021-03-19 10:46:41][debug][error]:[syntax error, unexpected ')' at file:/easyswoole/App/HttpController/Question.php line:56]
[2021-03-19 10:54:30][debug][notice]:[Undefined index: option_d at file:/easyswoole/App/HttpController/Question.php line:80]
[2021-03-19 10:54:30][debug][notice]:[Undefined index: option_d at file:/easyswoole/App/HttpController/Question.php line:80]
[2021-03-19 10:54:30][debug][notice]:[Undefined index: option_d at file:/easyswoole/App/HttpController/Question.php line:80]
[2021-03-19 10:54:30][debug][notice]:[Undefined index: option_d at file:/easyswoole/App/HttpController/Question.php line:80]
[2021-03-19 10:54:30][debug][notice]:[Undefined index: option_d at file:/easyswoole/App/HttpController/Question.php line:80]
[2021-03-19 10:54:30][debug][notice]:[Undefined index: option_d at file:/easyswoole/App/HttpController/Question.php line:80]
[2021-03-19 10:54:30][debug][notice]:[Undefined index: option_d at file:/easyswoole/App/HttpController/Question.php line:80]
[2021-03-19 10:54:30][debug][notice]:[Undefined index: option_d at file:/easyswoole/App/HttpController/Question.php line:80]
[2021-03-19 10:54:30][debug][notice]:[Undefined index: option_d at file:/easyswoole/App/HttpController/Question.php line:80]
[2021-03-19 10:55:06][debug][notice]:[Undefined index: option_d at file:/easyswoole/App/HttpController/Question.php line:80]
[2021-03-19 10:55:06][debug][notice]:[Undefined index: option_d at file:/easyswoole/App/HttpController/Question.php line:80]
[2021-03-19 10:55:06][debug][notice]:[Undefined index: option_d at file:/easyswoole/App/HttpController/Question.php line:80]
[2021-03-19 10:55:06][debug][notice]:[Undefined index: option_d at file:/easyswoole/App/HttpController/Question.php line:80]
[2021-03-19 10:55:06][debug][notice]:[Undefined index: option_d at file:/easyswoole/App/HttpController/Question.php line:80]
[2021-03-19 10:55:06][debug][notice]:[Undefined index: option_d at file:/easyswoole/App/HttpController/Question.php line:80]
[2021-03-19 10:55:06][debug][notice]:[Undefined index: option_d at file:/easyswoole/App/HttpController/Question.php line:80]
[2021-03-19 10:55:06][debug][notice]:[Undefined index: option_d at file:/easyswoole/App/HttpController/Question.php line:80]
[2021-03-19 10:55:06][debug][notice]:[Undefined index: option_d at file:/easyswoole/App/HttpController/Question.php line:80]
[2021-03-19 10:55:42][debug][notice]:[Undefined index: option_d at file:/easyswoole/App/HttpController/Question.php line:82]
[2021-03-19 10:55:42][debug][notice]:[Undefined index: option_d at file:/easyswoole/App/HttpController/Question.php line:82]
[2021-03-19 10:55:42][debug][notice]:[Undefined index: option_d at file:/easyswoole/App/HttpController/Question.php line:82]
[2021-03-19 10:55:42][debug][notice]:[Undefined index: option_d at file:/easyswoole/App/HttpController/Question.php line:82]
[2021-03-19 10:55:42][debug][notice]:[Undefined index: option_d at file:/easyswoole/App/HttpController/Question.php line:82]
[2021-03-19 10:55:42][debug][notice]:[Undefined index: option_d at file:/easyswoole/App/HttpController/Question.php line:82]
[2021-03-19 10:55:42][debug][notice]:[Undefined index: option_d at file:/easyswoole/App/HttpController/Question.php line:82]
[2021-03-19 10:55:42][debug][notice]:[Undefined index: option_d at file:/easyswoole/App/HttpController/Question.php line:82]
[2021-03-19 10:55:42][debug][notice]:[Undefined index: option_d at file:/easyswoole/App/HttpController/Question.php line:82]
[2021-03-19 11:04:09][debug][notice]:[Array to string conversion at file:/easyswoole/vendor/easyswoole/mysqli/src/QueryBuilder.php line:981]
[2021-03-19 11:04:09][debug][notice]:[Array to string conversion at file:/easyswoole/vendor/easyswoole/orm/src/Db/MysqliClient.php line:39]
[2021-03-19 11:56:44][debug][warning]:[Illegal offset type in isset or empty at file:/easyswoole/vendor/easyswoole/http/src/Request.php line:49]
[2021-03-19 11:56:44][debug][warning]:[Illegal offset type at file:/easyswoole/vendor/easyswoole/http/src/Request.php line:49]
[2021-03-19 11:58:23][debug][warning]:[Illegal offset type in isset or empty at file:/easyswoole/vendor/easyswoole/http/src/Request.php line:49]
[2021-03-19 11:58:23][debug][warning]:[Illegal offset type at file:/easyswoole/vendor/easyswoole/http/src/Request.php line:49]
[2021-03-19 11:58:23][debug][error]:[Call to undefined method App\HttpController\Question::getBody() at file:/easyswoole/App/HttpController/Question.php line:94]
[2021-03-19 11:58:44][debug][warning]:[Illegal offset type in isset or empty at file:/easyswoole/vendor/easyswoole/http/src/Request.php line:49]
[2021-03-19 11:58:44][debug][warning]:[Illegal offset type at file:/easyswoole/vendor/easyswoole/http/src/Request.php line:49]
[2021-03-19 11:59:19][debug][warning]:[Illegal offset type in isset or empty at file:/easyswoole/vendor/easyswoole/http/src/Request.php line:50]
[2021-03-19 11:59:19][debug][warning]:[Illegal offset type at file:/easyswoole/vendor/easyswoole/http/src/Request.php line:50]
[2021-03-19 12:00:35][debug][warning]:[Illegal offset type in isset or empty at file:/easyswoole/vendor/easyswoole/http/src/Request.php line:50]
[2021-03-19 12:00:35][debug][warning]:[Illegal offset type at file:/easyswoole/vendor/easyswoole/http/src/Request.php line:50]
[2021-03-22 09:20:24][2021-03][info]:[短信发送失败了，返回结果:]
[2021-03-22 09:20:47][2021-03][info]:[短信发送失败了，返回结果:]
[2021-03-22 12:00:12][debug][error]:[syntax error, unexpected ']' at file:/easyswoole/App/HttpController/Question.php line:151]
[2021-03-22 15:08:08][debug][warning]:[array_multisort(): Argument #2 is expected to be an array or a sort flag at file:/easyswoole/App/HttpController/Question.php line:215]
[2021-03-22 15:08:26][debug][warning]:[array_multisort(): Argument #2 is expected to be an array or a sort flag at file:/easyswoole/App/HttpController/Question.php line:212]
[2021-03-23 14:12:34][debug][notice]:[Undefined index: full_marks at file:/easyswoole/App/HttpController/Question.php line:124]
[2021-03-23 14:17:18][debug][notice]:[Undefined index: full_marks at file:/easyswoole/App/HttpController/Question.php line:124]
[2021-03-23 16:37:43][debug][error]:[Return value of App\Models\AnswerResultModel::getImg() must be of the type string or null, array returned at file:/easyswoole/App/Models/AnswerResultModel.php line:16]
[2021-03-23 17:57:46][debug][error]:[SQLSTATE[42000] [1064] You have an error in your SQL syntax; check the manual that corresponds to your MySQL server version for the right syntax to use near 'explain FROM `bf_user_badge` WHERE  `status` = ?  ORDER BY sort DESC' at line 1 [SELECT  id, type_id, count, have_img, no_have_img, explain FROM `bf_user_badge` WHERE  `status` = 1  ORDER BY sort DESC ] at file:/easyswoole/vendor/easyswoole/orm/src/Db/MysqliClient.php line:78]
[2021-03-23 18:00:58][debug][error]:[SQLSTATE[42S22] [1054] Unknown column 'type_id' in 'field list' [SELECT  id, type_id, count, have_img, no_have_img, notes FROM `bf_user_badge` WHERE  `status` = 1  ORDER BY sort DESC ] at file:/easyswoole/vendor/easyswoole/orm/src/Db/MysqliClient.php line:78]
[2021-03-23 18:02:35][debug][error]:[Return value of App\Models\AnswerBadgeModel::getAll() must be of the type array, string returned at file:/easyswoole/App/Models/AnswerBadgeModel.php line:53]
[2021-03-23 18:03:41][debug][warning]:[Invalid argument supplied for foreach() at file:/easyswoole/App/Models/AnswerBadgeModel.php line:21]
[2021-03-23 18:06:18][debug][warning]:[Invalid argument supplied for foreach() at file:/easyswoole/App/Models/AnswerBadgeModel.php line:22]
[2021-03-24 10:38:09][debug][error]:[Call to undefined method EasySwoole\Mysqli\QueryBuilder::execute() at file:/easyswoole/App/HttpController/Test.php line:46]
[2021-03-25 15:17:58][debug][error]:[invalid code, hints: [ req_id: IhmbJTNre-S7bIrA ] at file:/easyswoole/vendor/easyswoole/wechat/src/Exception/MiniProgramError.php line:37]
[2021-03-25 17:37:16][debug][error]:[syntax error, unexpected '=>' (T_DOUBLE_ARROW), expecting ',' or ')' at file:/easyswoole/App/HttpController/Question.php line:97]
[2021-03-25 18:02:01][debug][warning]:[Invalid argument supplied for foreach() at file:/easyswoole/App/HttpController/Question.php line:59]
[2021-03-25 18:02:01][debug][warning]:[Invalid argument supplied for foreach() at file:/easyswoole/App/HttpController/Question.php line:59]
[2021-03-25 18:02:01][debug][warning]:[Invalid argument supplied for foreach() at file:/easyswoole/App/HttpController/Question.php line:59]
[2021-03-25 18:02:01][debug][warning]:[Invalid argument supplied for foreach() at file:/easyswoole/App/HttpController/Question.php line:59]
[2021-03-25 18:02:01][debug][warning]:[Invalid argument supplied for foreach() at file:/easyswoole/App/HttpController/Question.php line:59]
[2021-03-29 15:09:36][debug][warning]:[Illegal offset type in isset or empty at file:/easyswoole/vendor/easyswoole/http/src/Request.php line:49]
[2021-03-29 15:09:36][debug][warning]:[Illegal offset type at file:/easyswoole/vendor/easyswoole/http/src/Request.php line:49]
[2021-03-29 16:50:14][debug][error]:[SQLSTATE[42000] [1064] You have an error in your SQL syntax; check the manual that corresponds to your MySQL server version for the right syntax to use near ':scores GROUP BY scores) as a' at line 1 at file:/easyswoole/vendor/easyswoole/mysqli/src/Client.php line:94]
[2021-03-30 11:56:55][debug][warning]:[in_array() expects parameter 2 to be array, null given at file:/easyswoole/App/HttpController/Question.php line:389]
[2021-03-30 11:56:55][debug][warning]:[in_array() expects parameter 2 to be array, null given at file:/easyswoole/App/HttpController/Question.php line:389]
[2021-03-30 11:56:55][debug][warning]:[in_array() expects parameter 2 to be array, null given at file:/easyswoole/App/HttpController/Question.php line:389]
[2021-03-30 11:56:55][debug][warning]:[in_array() expects parameter 2 to be array, null given at file:/easyswoole/App/HttpController/Question.php line:389]
[2021-03-30 11:56:55][debug][warning]:[in_array() expects parameter 2 to be array, null given at file:/easyswoole/App/HttpController/Question.php line:389]
[2021-03-30 11:56:55][debug][warning]:[in_array() expects parameter 2 to be array, null given at file:/easyswoole/App/HttpController/Question.php line:389]
[2021-03-30 11:56:55][debug][warning]:[in_array() expects parameter 2 to be array, null given at file:/easyswoole/App/HttpController/Question.php line:389]
[2021-03-30 11:56:55][debug][warning]:[in_array() expects parameter 2 to be array, null given at file:/easyswoole/App/HttpController/Question.php line:389]
[2021-03-30 11:56:55][debug][warning]:[in_array() expects parameter 2 to be array, null given at file:/easyswoole/App/HttpController/Question.php line:389]
[2021-03-30 11:56:55][debug][warning]:[sizeof(): Parameter must be an array or an object that implements Countable at file:/easyswoole/App/HttpController/Question.php line:394]
